{"devicePlatform":"","logFolder":"C:\\Katalon Skripte\\UserLogin\\Reports\\KatRefuseExperteer\\20180308_104339","runData":{"hostName":"lrink - JW-LEN-M710S-03.hockenheim.jw.dir","os":"Windows 10 64bit","katalonVersion":"5.3.1.1","browser":"Chrome 64.0.3282.186","hostAddress":"192.168.253.171","sessionId":"ec78caa2a95594075bb916c6ff7aef6a","seleniumVersion":"3.7.1","proxyInformation":"ProxyInformation{proxyOption\u003dNO_PROXY, proxyServerType\u003dHTTP, password\u003d, proxyServerAddress\u003d, proxyServerPort\u003d0}","platform":"Windows 10"},"type":"TEST_SUITE","name":"KatRefuseExperteer","id":"Test Suites/KatRefuseExperteer","source":"","message":"Test Cases/KatRefuse FAILED because (of) groovy.lang.MissingMethodException: No signature of method: static com.kms.katalon.core.webui.keyword.WebUiBuiltInKeywords.selectOptionByValue() is applicable for argument types: (java.lang.String, java.lang.String, java.lang.Boolean) values: [Page_TapasHome/select_Mandant, 0, true]\nPossible solutions: selectOptionByValue(com.kms.katalon.core.testobject.TestObject, java.lang.String, boolean), selectOptionByValue(com.kms.katalon.core.testobject.TestObject, java.lang.String, boolean, com.kms.katalon.core.model.FailureHandling), deselectOptionByValue(com.kms.katalon.core.testobject.TestObject, java.lang.String, boolean), deselectOptionByValue(com.kms.katalon.core.testobject.TestObject, java.lang.String, boolean, com.kms.katalon.core.model.FailureHandling), selectOptionByLabel(com.kms.katalon.core.testobject.TestObject, java.lang.String, boolean)","description":"","startTime":1520502221147,"endTime":1520502300983,"childRecords":[{"isOptional":false,"type":"TEST_CASE","name":"Test Cases/Basics/Login","id":"Test Cases/Basics/Login","source":"C:\\\\Katalon Skripte\\\\UserLogin\\\\Test Cases\\\\Basics\\\\Login.tc","message":"Test Cases/Basics/Login","description":"Opens the Browser, logs in to Tapas","startTime":1520502221424,"endTime":1520502279082,"childRecords":[{"testStatus":{"stackTrace":"","statusValue":"INFO"},"type":"MESSAGE","name":"","message":"Evaluating variables for test case","startTime":1520502221448,"endTime":0,"childRecords":[],"interuppted":false},{"index":1,"isIgnoredIfFailed":false,"type":"TEST_STEP","name":"openBrowser","message":"Browser is opened with url: \u0027https://tapas-integration.jobware.net/tapas/faces/resources/trend/xhtml/login/login.xhtml?trend.viewClass\u003dde.jobware.tapas.application.login.TapasLoginView\u0027","description":"","startTime":1520502221748,"endTime":1520502231573,"childRecords":[{"testStatus":{"stackTrace":"","statusValue":"PASSED"},"type":"MESSAGE","name":"","message":"Browser is opened with url: \u0027https://tapas-integration.jobware.net/tapas/faces/resources/trend/xhtml/login/login.xhtml?trend.viewClass\u003dde.jobware.tapas.application.login.TapasLoginView\u0027","startTime":1520502231572,"endTime":0,"childRecords":[],"interuppted":false}],"interuppted":false},{"index":2,"isIgnoredIfFailed":false,"type":"TEST_STEP","name":"setText","message":"Text \u0027bot\u0027 is set on object \u0027Object Repository/Page_TapasLogin/input_j_username\u0027","description":"","startTime":1520502231573,"endTime":1520502239734,"childRecords":[{"testStatus":{"stackTrace":"","statusValue":"PASSED"},"type":"MESSAGE","name":"","message":"Text \u0027bot\u0027 is set on object \u0027Object Repository/Page_TapasLogin/input_j_username\u0027","startTime":1520502239733,"endTime":0,"childRecords":[],"interuppted":false}],"interuppted":false},{"index":3,"isIgnoredIfFailed":false,"type":"TEST_STEP","name":"setText","message":"Text \u0027Passwort123\u0027 is set on object \u0027Object Repository/Page_TapasLogin/input_j_password\u0027","description":"","startTime":1520502239734,"endTime":1520502247890,"childRecords":[{"testStatus":{"stackTrace":"","statusValue":"PASSED"},"type":"MESSAGE","name":"","message":"Text \u0027Passwort123\u0027 is set on object \u0027Object Repository/Page_TapasLogin/input_j_password\u0027","startTime":1520502247890,"endTime":0,"childRecords":[],"interuppted":false}],"interuppted":false},{"index":4,"isIgnoredIfFailed":false,"type":"TEST_STEP","name":"click","message":"Object: \u0027Object Repository/Page_TapasLogin/input_loginButton\u0027 is clicked on","description":"","startTime":1520502247890,"endTime":1520502279081,"childRecords":[{"testStatus":{"stackTrace":"","statusValue":"PASSED"},"type":"MESSAGE","name":"","message":"Object: \u0027Object Repository/Page_TapasLogin/input_loginButton\u0027 is clicked on","startTime":1520502279081,"endTime":0,"childRecords":[],"interuppted":false}],"interuppted":false},{"testStatus":{"stackTrace":"","statusValue":"PASSED"},"type":"MESSAGE","name":"","message":"Test Cases/Basics/Login","startTime":1520502279081,"endTime":0,"childRecords":[],"interuppted":false}],"interuppted":false},{"isOptional":false,"type":"TEST_CASE","name":"Test Cases/KatRefuse","id":"Test Cases/KatRefuse","source":"C:\\\\Katalon Skripte\\\\UserLogin\\\\Test Cases\\\\KatRefuse.tc","message":"Test Cases/KatRefuse FAILED because (of) groovy.lang.MissingMethodException: No signature of method: static com.kms.katalon.core.webui.keyword.WebUiBuiltInKeywords.selectOptionByValue() is applicable for argument types: (java.lang.String, java.lang.String, java.lang.Boolean) values: [Page_TapasHome/select_Mandant, 0, true]\nPossible solutions: selectOptionByValue(com.kms.katalon.core.testobject.TestObject, java.lang.String, boolean), selectOptionByValue(com.kms.katalon.core.testobject.TestObject, java.lang.String, boolean, com.kms.katalon.core.model.FailureHandling), deselectOptionByValue(com.kms.katalon.core.testobject.TestObject, java.lang.String, boolean), deselectOptionByValue(com.kms.katalon.core.testobject.TestObject, java.lang.String, boolean, com.kms.katalon.core.model.FailureHandling), selectOptionByLabel(com.kms.katalon.core.testobject.TestObject, java.lang.String, boolean)","description":"","startTime":1520502279085,"endTime":1520502279295,"childRecords":[{"testStatus":{"stackTrace":"","statusValue":"INFO"},"type":"MESSAGE","name":"","message":"Evaluating variables for test case","startTime":1520502279097,"endTime":0,"childRecords":[],"interuppted":false},{"index":1,"isIgnoredIfFailed":false,"type":"TEST_STEP","name":"selectOptionByValue","description":"","startTime":1520502279214,"endTime":1520502279216,"childRecords":[],"interuppted":false},{"testStatus":{"stackTrace":"","statusValue":"ERROR"},"type":"MESSAGE","name":"","message":"Test Cases/KatRefuse FAILED because (of) groovy.lang.MissingMethodException: No signature of method: static com.kms.katalon.core.webui.keyword.WebUiBuiltInKeywords.selectOptionByValue() is applicable for argument types: (java.lang.String, java.lang.String, java.lang.Boolean) values: [Page_TapasHome/select_Mandant, 0, true]\nPossible solutions: selectOptionByValue(com.kms.katalon.core.testobject.TestObject, java.lang.String, boolean), selectOptionByValue(com.kms.katalon.core.testobject.TestObject, java.lang.String, boolean, com.kms.katalon.core.model.FailureHandling), deselectOptionByValue(com.kms.katalon.core.testobject.TestObject, java.lang.String, boolean), deselectOptionByValue(com.kms.katalon.core.testobject.TestObject, java.lang.String, boolean, com.kms.katalon.core.model.FailureHandling), selectOptionByLabel(com.kms.katalon.core.testobject.TestObject, java.lang.String, boolean)","startTime":1520502279253,"endTime":0,"childRecords":[],"interuppted":false}],"interuppted":false},{"isOptional":false,"type":"TEST_CASE","name":"Test Cases/Basics/Logout","id":"Test Cases/Basics/Logout","source":"C:\\\\Katalon Skripte\\\\UserLogin\\\\Test Cases\\\\Basics\\\\Logout.tc","message":"Test Cases/Basics/Logout FAILED because (of) Unable to verify object \u0027Object Repository/PopUp_LogoutSave/div_QuitWithoutSave\u0027 is present (Root cause: org.openqa.selenium.WebDriverException: chrome not reachable\n  (Session info: chrome\u003d64.0.3282.186)\n  (Driver info: chromedriver\u003d2.35.528161 (5b82f2d2aae0ca24b877009200ced9065a772e73),platform\u003dWindows NT 10.0.16299 x86_64) (WARNING: The server did not provide any stacktrace information)\nCommand duration or timeout: 0 milliseconds\nBuild info: version: \u00273.7.1\u0027, revision: \u00278a0099a\u0027, time: \u00272017-11-06T21:07:36.161Z\u0027\nSystem info: host: \u0027JW-LEN-M710S-03\u0027, ip: \u0027192.168.253.171\u0027, os.name: \u0027Windows 10\u0027, os.arch: \u0027amd64\u0027, os.version: \u002710.0\u0027, java.version: \u00271.8.0_102\u0027\nDriver info: com.kms.katalon.selenium.driver.CChromeDriver\nCapabilities {acceptInsecureCerts: false, acceptSslCerts: false, applicationCacheEnabled: false, browserConnectionEnabled: false, browserName: chrome, chrome: {chromedriverVersion: 2.35.528161 (5b82f2d2aae0ca..., userDataDir: C:\\Users\\lrink\\AppData\\Loca...}, cssSelectorsEnabled: true, databaseEnabled: false, handlesAlerts: true, hasTouchScreen: false, javascriptEnabled: true, locationContextEnabled: true, mobileEmulationEnabled: false, nativeEvents: true, networkConnectionEnabled: false, pageLoadStrategy: normal, platform: XP, platformName: XP, rotatable: false, setWindowRect: true, takesHeapSnapshot: true, takesScreenshot: true, unexpectedAlertBehaviour: , unhandledPromptBehavior: , version: 64.0.3282.186, webStorageEnabled: true}\nSession ID: ec78caa2a95594075bb916c6ff7aef6a\n*** Element info: {Using\u003dxpath, value\u003d//div[@id \u003d \u0027popup\u0027 and (text() \u003d \u0027Sie haben offene Aktivitäten.Sollen alle offenen Aktivitäten ohne zu speichern beendet werden?Ja\nNein\n\u0027 or . \u003d \u0027Sie haben offene Aktivitäten.Sollen alle offenen Aktivitäten ohne zu speichern beendet werden?Ja\nNein\n\u0027)]})","description":"","startTime":1520502279298,"endTime":1520502298342,"childRecords":[{"testStatus":{"stackTrace":"","statusValue":"INFO"},"type":"MESSAGE","name":"","message":"Evaluating variables for test case","startTime":1520502279300,"endTime":0,"childRecords":[],"interuppted":false},{"index":1,"isIgnoredIfFailed":false,"type":"TEST_STEP","name":"click","message":"Object: \u0027Object Repository/Page_TapasHome/span_Abmelden\u0027 is clicked on","description":"","startTime":1520502279404,"endTime":1520502283730,"childRecords":[{"testStatus":{"stackTrace":"","statusValue":"PASSED"},"type":"MESSAGE","name":"","message":"Object: \u0027Object Repository/Page_TapasHome/span_Abmelden\u0027 is clicked on","startTime":1520502283729,"endTime":0,"childRecords":[],"interuppted":false}],"interuppted":false},{"index":2,"isIgnoredIfFailed":false,"type":"TEST_STEP","name":"Statement - If (com.kms.katalon.core.webui.keyword.WebUiBuiltInKeywords.verifyElementPresent(com.kms.katalon.core.testobject.ObjectRepository.findTestObject(PopUp_LogoutSave/div_QuitWithoutSave), 10))","message":"Unable to verify object \u0027Object Repository/PopUp_LogoutSave/div_QuitWithoutSave\u0027 is present (Root cause: org.openqa.selenium.WebDriverException: chrome not reachable\n  (Session info: chrome\u003d64.0.3282.186)\n  (Driver info: chromedriver\u003d2.35.528161 (5b82f2d2aae0ca24b877009200ced9065a772e73),platform\u003dWindows NT 10.0.16299 x86_64) (WARNING: The server did not provide any stacktrace information)\nCommand duration or timeout: 0 milliseconds\nBuild info: version: \u00273.7.1\u0027, revision: \u00278a0099a\u0027, time: \u00272017-11-06T21:07:36.161Z\u0027\nSystem info: host: \u0027JW-LEN-M710S-03\u0027, ip: \u0027192.168.253.171\u0027, os.name: \u0027Windows 10\u0027, os.arch: \u0027amd64\u0027, os.version: \u002710.0\u0027, java.version: \u00271.8.0_102\u0027\nDriver info: com.kms.katalon.selenium.driver.CChromeDriver\nCapabilities {acceptInsecureCerts: false, acceptSslCerts: false, applicationCacheEnabled: false, browserConnectionEnabled: false, browserName: chrome, chrome: {chromedriverVersion: 2.35.528161 (5b82f2d2aae0ca..., userDataDir: C:\\Users\\lrink\\AppData\\Loca...}, cssSelectorsEnabled: true, databaseEnabled: false, handlesAlerts: true, hasTouchScreen: false, javascriptEnabled: true, locationContextEnabled: true, mobileEmulationEnabled: false, nativeEvents: true, networkConnectionEnabled: false, pageLoadStrategy: normal, platform: XP, platformName: XP, rotatable: false, setWindowRect: true, takesHeapSnapshot: true, takesScreenshot: true, unexpectedAlertBehaviour: , unhandledPromptBehavior: , version: 64.0.3282.186, webStorageEnabled: true}\nSession ID: ec78caa2a95594075bb916c6ff7aef6a\n*** Element info: {Using\u003dxpath, value\u003d//div[@id \u003d \u0027popup\u0027 and (text() \u003d \u0027Sie haben offene Aktivitäten.Sollen alle offenen Aktivitäten ohne zu speichern beendet werden?Ja\nNein\n\u0027 or . \u003d \u0027Sie haben offene Aktivitäten.Sollen alle offenen Aktivitäten ohne zu speichern beendet werden?Ja\nNein\n\u0027)]})","description":"","startTime":1520502283730,"endTime":1520502298340,"childRecords":[{"testStatus":{"stackTrace":"","statusValue":"WARNING"},"type":"MESSAGE","name":"","message":"Cannot take screenshot","startTime":1520502298335,"endTime":0,"childRecords":[],"interuppted":false},{"testStatus":{"stackTrace":"","statusValue":"FAILED"},"type":"MESSAGE","name":"","message":"Unable to verify object \u0027Object Repository/PopUp_LogoutSave/div_QuitWithoutSave\u0027 is present (Root cause: org.openqa.selenium.WebDriverException: chrome not reachable\n  (Session info: chrome\u003d64.0.3282.186)\n  (Driver info: chromedriver\u003d2.35.528161 (5b82f2d2aae0ca24b877009200ced9065a772e73),platform\u003dWindows NT 10.0.16299 x86_64) (WARNING: The server did not provide any stacktrace information)\nCommand duration or timeout: 0 milliseconds\nBuild info: version: \u00273.7.1\u0027, revision: \u00278a0099a\u0027, time: \u00272017-11-06T21:07:36.161Z\u0027\nSystem info: host: \u0027JW-LEN-M710S-03\u0027, ip: \u0027192.168.253.171\u0027, os.name: \u0027Windows 10\u0027, os.arch: \u0027amd64\u0027, os.version: \u002710.0\u0027, java.version: \u00271.8.0_102\u0027\nDriver info: com.kms.katalon.selenium.driver.CChromeDriver\nCapabilities {acceptInsecureCerts: false, acceptSslCerts: false, applicationCacheEnabled: false, browserConnectionEnabled: false, browserName: chrome, chrome: {chromedriverVersion: 2.35.528161 (5b82f2d2aae0ca..., userDataDir: C:\\Users\\lrink\\AppData\\Loca...}, cssSelectorsEnabled: true, databaseEnabled: false, handlesAlerts: true, hasTouchScreen: false, javascriptEnabled: true, locationContextEnabled: true, mobileEmulationEnabled: false, nativeEvents: true, networkConnectionEnabled: false, pageLoadStrategy: normal, platform: XP, platformName: XP, rotatable: false, setWindowRect: true, takesHeapSnapshot: true, takesScreenshot: true, unexpectedAlertBehaviour: , unhandledPromptBehavior: , version: 64.0.3282.186, webStorageEnabled: true}\nSession ID: ec78caa2a95594075bb916c6ff7aef6a\n*** Element info: {Using\u003dxpath, value\u003d//div[@id \u003d \u0027popup\u0027 and (text() \u003d \u0027Sie haben offene Aktivitäten.Sollen alle offenen Aktivitäten ohne zu speichern beendet werden?Ja\nNein\n\u0027 or . \u003d \u0027Sie haben offene Aktivitäten.Sollen alle offenen Aktivitäten ohne zu speichern beendet werden?Ja\nNein\n\u0027)]})","startTime":1520502298340,"endTime":0,"childRecords":[],"interuppted":false}],"interuppted":false},{"testStatus":{"stackTrace":"","statusValue":"FAILED"},"type":"MESSAGE","name":"","message":"Test Cases/Basics/Logout FAILED because (of) Unable to verify object \u0027Object Repository/PopUp_LogoutSave/div_QuitWithoutSave\u0027 is present (Root cause: org.openqa.selenium.WebDriverException: chrome not reachable\n  (Session info: chrome\u003d64.0.3282.186)\n  (Driver info: chromedriver\u003d2.35.528161 (5b82f2d2aae0ca24b877009200ced9065a772e73),platform\u003dWindows NT 10.0.16299 x86_64) (WARNING: The server did not provide any stacktrace information)\nCommand duration or timeout: 0 milliseconds\nBuild info: version: \u00273.7.1\u0027, revision: \u00278a0099a\u0027, time: \u00272017-11-06T21:07:36.161Z\u0027\nSystem info: host: \u0027JW-LEN-M710S-03\u0027, ip: \u0027192.168.253.171\u0027, os.name: \u0027Windows 10\u0027, os.arch: \u0027amd64\u0027, os.version: \u002710.0\u0027, java.version: \u00271.8.0_102\u0027\nDriver info: com.kms.katalon.selenium.driver.CChromeDriver\nCapabilities {acceptInsecureCerts: false, acceptSslCerts: false, applicationCacheEnabled: false, browserConnectionEnabled: false, browserName: chrome, chrome: {chromedriverVersion: 2.35.528161 (5b82f2d2aae0ca..., userDataDir: C:\\Users\\lrink\\AppData\\Loca...}, cssSelectorsEnabled: true, databaseEnabled: false, handlesAlerts: true, hasTouchScreen: false, javascriptEnabled: true, locationContextEnabled: true, mobileEmulationEnabled: false, nativeEvents: true, networkConnectionEnabled: false, pageLoadStrategy: normal, platform: XP, platformName: XP, rotatable: false, setWindowRect: true, takesHeapSnapshot: true, takesScreenshot: true, unexpectedAlertBehaviour: , unhandledPromptBehavior: , version: 64.0.3282.186, webStorageEnabled: true}\nSession ID: ec78caa2a95594075bb916c6ff7aef6a\n*** Element info: {Using\u003dxpath, value\u003d//div[@id \u003d \u0027popup\u0027 and (text() \u003d \u0027Sie haben offene Aktivitäten.Sollen alle offenen Aktivitäten ohne zu speichern beendet werden?Ja\nNein\n\u0027 or . \u003d \u0027Sie haben offene Aktivitäten.Sollen alle offenen Aktivitäten ohne zu speichern beendet werden?Ja\nNein\n\u0027)]})","startTime":1520502298341,"endTime":0,"childRecords":[],"interuppted":false}],"interuppted":false}],"interuppted":false}