<?xml version="1.0" encoding="UTF-8"?>
<testsuites name="KatRefuseExperteer" time="19" tests="1" failures="1" errors="1">
   <testsuite name="KatRefuseExperteer" tests="1" failures="1" errors="1" time="19" timestamp="2018-03-08 10:38:17" hostname="lrink - JW-LEN-M710S-03.hockenheim.jw.dir" id="Test Suites/KatRefuseExperteer">
      <properties>
         <property name="deviceName" value=""/>
         <property name="devicePlatform" value=""/>
         <property name="logFolder" value="C:\\Katalon Skripte\\UserLogin\\Reports\\KatRefuseExperteer\\20180308_103816"/>
         <property name="logFiles" value="C:\\Katalon Skripte\\UserLogin\\Reports\\KatRefuseExperteer\\20180308_103816\\execution0.log"/>
         <property name="attachments" value=""/>
         <property name="hostName" value="lrink - JW-LEN-M710S-03.hockenheim.jw.dir"/>
         <property name="os" value="Windows 10 64bit"/>
         <property name="katalonVersion" value="5.3.1.1"/>
         <property name="browser" value="Chrome 64.0.3282.186"/>
         <property name="hostAddress" value="192.168.253.171"/>
         <property name="sessionId" value="ff795bfd4b1b59f9192a9dc572dad766"/>
         <property name="seleniumVersion" value="3.7.1"/>
         <property name="proxyInformation" value="ProxyInformation{proxyOption=NO_PROXY, proxyServerType=HTTP, password=, proxyServerAddress=, proxyServerPort=0}"/>
         <property name="platform" value="Windows 10"/>
      </properties>
      <testcase name="Test Cases/Basics/Login" classname="Test Cases/Basics/Login" status="PASSED">
         <system-out><![CDATA[2018-03-08 10:38:17 - [TEST_CASE][PASSED] - Test Cases/Basics/Login: Test Cases/Basics/Login

2018-03-08 10:38:18 - [TEST_STEP][PASSED] - openBrowser: Browser is opened with url: 'https://tapas-integration.jobware.net/tapas/faces/resources/trend/xhtml/login/login.xhtml?trend.viewClass=de.jobware.tapas.application.login.TapasLoginView'

2018-03-08 10:38:21 - [MESSAGE][PASSED] - Browser is opened with url: 'https://tapas-integration.jobware.net/tapas/faces/resources/trend/xhtml/login/login.xhtml?trend.viewClass=de.jobware.tapas.application.login.TapasLoginView'

2018-03-08 10:38:21 - [TEST_STEP][PASSED] - setText: Text 'bot' is set on object 'Object Repository/Page_TapasLogin/input_j_username'

2018-03-08 10:38:21 - [MESSAGE][PASSED] - Text 'bot' is set on object 'Object Repository/Page_TapasLogin/input_j_username'

2018-03-08 10:38:21 - [TEST_STEP][PASSED] - setText: Text 'Passwort123' is set on object 'Object Repository/Page_TapasLogin/input_j_password'

2018-03-08 10:38:21 - [MESSAGE][PASSED] - Text 'Passwort123' is set on object 'Object Repository/Page_TapasLogin/input_j_password'

2018-03-08 10:38:21 - [TEST_STEP][PASSED] - click: Object: 'Object Repository/Page_TapasLogin/input_loginButton' is clicked on

2018-03-08 10:38:26 - [MESSAGE][PASSED] - Object: 'Object Repository/Page_TapasLogin/input_loginButton' is clicked on]]></system-out>
         <system-err><![CDATA[]]></system-err>
      </testcase>
      <testcase name="Test Cases/KatRefuse" classname="Test Cases/KatRefuse" status="ERROR">
         <error type="ERROR" message="Test Cases/KatRefuse FAILED because (of) groovy.lang.MissingMethodException: No signature of method: static com.kms.katalon.core.webui.keyword.WebUiBuiltInKeywords.selectOptionByValue() is applicable for argument types: (java.lang.String, java.lang.String, java.lang.Boolean) values: [Page_TapasHome/select_Mandant, 0, true]
Possible solutions: selectOptionByValue(com.kms.katalon.core.testobject.TestObject, java.lang.String, boolean), selectOptionByValue(com.kms.katalon.core.testobject.TestObject, java.lang.String, boolean, com.kms.katalon.core.model.FailureHandling), deselectOptionByValue(com.kms.katalon.core.testobject.TestObject, java.lang.String, boolean), deselectOptionByValue(com.kms.katalon.core.testobject.TestObject, java.lang.String, boolean, com.kms.katalon.core.model.FailureHandling), selectOptionByLabel(com.kms.katalon.core.testobject.TestObject, java.lang.String, boolean)"/>
         <system-out><![CDATA[2018-03-08 10:38:26 - [TEST_CASE][ERROR] - Test Cases/KatRefuse: Test Cases/KatRefuse FAILED because (of) groovy.lang.MissingMethodException: No signature of method: static com.kms.katalon.core.webui.keyword.WebUiBuiltInKeywords.selectOptionByValue() is applicable for argument types: (java.lang.String, java.lang.String, java.lang.Boolean) values: [Page_TapasHome/select_Mandant, 0, true]
Possible solutions: selectOptionByValue(com.kms.katalon.core.testobject.TestObject, java.lang.String, boolean), selectOptionByValue(com.kms.katalon.core.testobject.TestObject, java.lang.String, boolean, com.kms.katalon.core.model.FailureHandling), deselectOptionByValue(com.kms.katalon.core.testobject.TestObject, java.lang.String, boolean), deselectOptionByValue(com.kms.katalon.core.testobject.TestObject, java.lang.String, boolean, com.kms.katalon.core.model.FailureHandling), selectOptionByLabel(com.kms.katalon.core.testobject.TestObject, java.lang.String, boolean)

2018-03-08 10:38:26 - [TEST_STEP][PASSED] - selectOptionByValue: null]]></system-out>
         <system-err><![CDATA[2018-03-08 10:38:26 - [TEST_CASE][ERROR] - Test Cases/KatRefuse: Test Cases/KatRefuse FAILED because (of) groovy.lang.MissingMethodException: No signature of method: static com.kms.katalon.core.webui.keyword.WebUiBuiltInKeywords.selectOptionByValue() is applicable for argument types: (java.lang.String, java.lang.String, java.lang.Boolean) values: [Page_TapasHome/select_Mandant, 0, true]
Possible solutions: selectOptionByValue(com.kms.katalon.core.testobject.TestObject, java.lang.String, boolean), selectOptionByValue(com.kms.katalon.core.testobject.TestObject, java.lang.String, boolean, com.kms.katalon.core.model.FailureHandling), deselectOptionByValue(com.kms.katalon.core.testobject.TestObject, java.lang.String, boolean), deselectOptionByValue(com.kms.katalon.core.testobject.TestObject, java.lang.String, boolean, com.kms.katalon.core.model.FailureHandling), selectOptionByLabel(com.kms.katalon.core.testobject.TestObject, java.lang.String, boolean)]]></system-err>
      </testcase>
      <testcase name="Test Cases/Basics/Logout" classname="Test Cases/Basics/Logout" status="FAILED">
         <failure type="FAILED" message="Unable to verify object 'Object Repository/PopUp_LogoutSave/div_QuitWithoutSave' is present (Root cause: org.openqa.selenium.WebDriverException: chrome not reachable
  (Session info: chrome=64.0.3282.186)
  (Driver info: chromedriver=2.35.528161 (5b82f2d2aae0ca24b877009200ced9065a772e73),platform=Windows NT 10.0.16299 x86_64) (WARNING: The server did not provide any stacktrace information)
Command duration or timeout: 0 milliseconds
Build info: version: '3.7.1', revision: '8a0099a', time: '2017-11-06T21:07:36.161Z'
System info: host: 'JW-LEN-M710S-03', ip: '192.168.253.171', os.name: 'Windows 10', os.arch: 'amd64', os.version: '10.0', java.version: '1.8.0_102'
Driver info: com.kms.katalon.selenium.driver.CChromeDriver
Capabilities {acceptInsecureCerts: false, acceptSslCerts: false, applicationCacheEnabled: false, browserConnectionEnabled: false, browserName: chrome, chrome: {chromedriverVersion: 2.35.528161 (5b82f2d2aae0ca..., userDataDir: C:\Users\lrink\AppData\Loca...}, cssSelectorsEnabled: true, databaseEnabled: false, handlesAlerts: true, hasTouchScreen: false, javascriptEnabled: true, locationContextEnabled: true, mobileEmulationEnabled: false, nativeEvents: true, networkConnectionEnabled: false, pageLoadStrategy: normal, platform: XP, platformName: XP, rotatable: false, setWindowRect: true, takesHeapSnapshot: true, takesScreenshot: true, unexpectedAlertBehaviour: , unhandledPromptBehavior: , version: 64.0.3282.186, webStorageEnabled: true}
Session ID: ff795bfd4b1b59f9192a9dc572dad766
*** Element info: {Using=xpath, value=//div[@id = 'popup' and (text() = 'Sie haben offene Aktivitäten.Sollen alle offenen Aktivitäten ohne zu speichern beendet werden?Ja
Nein
' or . = 'Sie haben offene Aktivitäten.Sollen alle offenen Aktivitäten ohne zu speichern beendet werden?Ja
Nein
')]})"/>
         <system-out><![CDATA[2018-03-08 10:38:26 - [TEST_CASE][FAILED] - Test Cases/Basics/Logout: Test Cases/Basics/Logout FAILED because (of) Unable to verify object 'Object Repository/PopUp_LogoutSave/div_QuitWithoutSave' is present (Root cause: org.openqa.selenium.WebDriverException: chrome not reachable
  (Session info: chrome=64.0.3282.186)
  (Driver info: chromedriver=2.35.528161 (5b82f2d2aae0ca24b877009200ced9065a772e73),platform=Windows NT 10.0.16299 x86_64) (WARNING: The server did not provide any stacktrace information)
Command duration or timeout: 0 milliseconds
Build info: version: '3.7.1', revision: '8a0099a', time: '2017-11-06T21:07:36.161Z'
System info: host: 'JW-LEN-M710S-03', ip: '192.168.253.171', os.name: 'Windows 10', os.arch: 'amd64', os.version: '10.0', java.version: '1.8.0_102'
Driver info: com.kms.katalon.selenium.driver.CChromeDriver
Capabilities {acceptInsecureCerts: false, acceptSslCerts: false, applicationCacheEnabled: false, browserConnectionEnabled: false, browserName: chrome, chrome: {chromedriverVersion: 2.35.528161 (5b82f2d2aae0ca..., userDataDir: C:\Users\lrink\AppData\Loca...}, cssSelectorsEnabled: true, databaseEnabled: false, handlesAlerts: true, hasTouchScreen: false, javascriptEnabled: true, locationContextEnabled: true, mobileEmulationEnabled: false, nativeEvents: true, networkConnectionEnabled: false, pageLoadStrategy: normal, platform: XP, platformName: XP, rotatable: false, setWindowRect: true, takesHeapSnapshot: true, takesScreenshot: true, unexpectedAlertBehaviour: , unhandledPromptBehavior: , version: 64.0.3282.186, webStorageEnabled: true}
Session ID: ff795bfd4b1b59f9192a9dc572dad766
*** Element info: {Using=xpath, value=//div[@id = 'popup' and (text() = 'Sie haben offene Aktivitäten.Sollen alle offenen Aktivitäten ohne zu speichern beendet werden?Ja
Nein
' or . = 'Sie haben offene Aktivitäten.Sollen alle offenen Aktivitäten ohne zu speichern beendet werden?Ja
Nein
')]})

2018-03-08 10:38:26 - [TEST_STEP][PASSED] - click: Object: 'Object Repository/Page_TapasHome/span_Abmelden' is clicked on

2018-03-08 10:38:27 - [MESSAGE][PASSED] - Object: 'Object Repository/Page_TapasHome/span_Abmelden' is clicked on

2018-03-08 10:38:27 - [TEST_STEP][FAILED] - Statement - If (com.kms.katalon.core.webui.keyword.WebUiBuiltInKeywords.verifyElementPresent(com.kms.katalon.core.testobject.ObjectRepository.findTestObject(PopUp_LogoutSave/div_QuitWithoutSave), 10)): Unable to verify object 'Object Repository/PopUp_LogoutSave/div_QuitWithoutSave' is present (Root cause: org.openqa.selenium.WebDriverException: chrome not reachable
  (Session info: chrome=64.0.3282.186)
  (Driver info: chromedriver=2.35.528161 (5b82f2d2aae0ca24b877009200ced9065a772e73),platform=Windows NT 10.0.16299 x86_64) (WARNING: The server did not provide any stacktrace information)
Command duration or timeout: 0 milliseconds
Build info: version: '3.7.1', revision: '8a0099a', time: '2017-11-06T21:07:36.161Z'
System info: host: 'JW-LEN-M710S-03', ip: '192.168.253.171', os.name: 'Windows 10', os.arch: 'amd64', os.version: '10.0', java.version: '1.8.0_102'
Driver info: com.kms.katalon.selenium.driver.CChromeDriver
Capabilities {acceptInsecureCerts: false, acceptSslCerts: false, applicationCacheEnabled: false, browserConnectionEnabled: false, browserName: chrome, chrome: {chromedriverVersion: 2.35.528161 (5b82f2d2aae0ca..., userDataDir: C:\Users\lrink\AppData\Loca...}, cssSelectorsEnabled: true, databaseEnabled: false, handlesAlerts: true, hasTouchScreen: false, javascriptEnabled: true, locationContextEnabled: true, mobileEmulationEnabled: false, nativeEvents: true, networkConnectionEnabled: false, pageLoadStrategy: normal, platform: XP, platformName: XP, rotatable: false, setWindowRect: true, takesHeapSnapshot: true, takesScreenshot: true, unexpectedAlertBehaviour: , unhandledPromptBehavior: , version: 64.0.3282.186, webStorageEnabled: true}
Session ID: ff795bfd4b1b59f9192a9dc572dad766
*** Element info: {Using=xpath, value=//div[@id = 'popup' and (text() = 'Sie haben offene Aktivitäten.Sollen alle offenen Aktivitäten ohne zu speichern beendet werden?Ja
Nein
' or . = 'Sie haben offene Aktivitäten.Sollen alle offenen Aktivitäten ohne zu speichern beendet werden?Ja
Nein
')]})

2018-03-08 10:38:36 - [MESSAGE][WARNING] - Cannot take screenshot

2018-03-08 10:38:36 - [MESSAGE][FAILED] - Unable to verify object 'Object Repository/PopUp_LogoutSave/div_QuitWithoutSave' is present (Root cause: org.openqa.selenium.WebDriverException: chrome not reachable
  (Session info: chrome=64.0.3282.186)
  (Driver info: chromedriver=2.35.528161 (5b82f2d2aae0ca24b877009200ced9065a772e73),platform=Windows NT 10.0.16299 x86_64) (WARNING: The server did not provide any stacktrace information)
Command duration or timeout: 0 milliseconds
Build info: version: '3.7.1', revision: '8a0099a', time: '2017-11-06T21:07:36.161Z'
System info: host: 'JW-LEN-M710S-03', ip: '192.168.253.171', os.name: 'Windows 10', os.arch: 'amd64', os.version: '10.0', java.version: '1.8.0_102'
Driver info: com.kms.katalon.selenium.driver.CChromeDriver
Capabilities {acceptInsecureCerts: false, acceptSslCerts: false, applicationCacheEnabled: false, browserConnectionEnabled: false, browserName: chrome, chrome: {chromedriverVersion: 2.35.528161 (5b82f2d2aae0ca..., userDataDir: C:\Users\lrink\AppData\Loca...}, cssSelectorsEnabled: true, databaseEnabled: false, handlesAlerts: true, hasTouchScreen: false, javascriptEnabled: true, locationContextEnabled: true, mobileEmulationEnabled: false, nativeEvents: true, networkConnectionEnabled: false, pageLoadStrategy: normal, platform: XP, platformName: XP, rotatable: false, setWindowRect: true, takesHeapSnapshot: true, takesScreenshot: true, unexpectedAlertBehaviour: , unhandledPromptBehavior: , version: 64.0.3282.186, webStorageEnabled: true}
Session ID: ff795bfd4b1b59f9192a9dc572dad766
*** Element info: {Using=xpath, value=//div[@id = 'popup' and (text() = 'Sie haben offene Aktivitäten.Sollen alle offenen Aktivitäten ohne zu speichern beendet werden?Ja
Nein
' or . = 'Sie haben offene Aktivitäten.Sollen alle offenen Aktivitäten ohne zu speichern beendet werden?Ja
Nein
')]})]]></system-out>
         <system-err><![CDATA[2018-03-08 10:38:26 - [TEST_CASE][FAILED] - Test Cases/Basics/Logout: Test Cases/Basics/Logout FAILED because (of) Unable to verify object 'Object Repository/PopUp_LogoutSave/div_QuitWithoutSave' is present (Root cause: org.openqa.selenium.WebDriverException: chrome not reachable
  (Session info: chrome=64.0.3282.186)
  (Driver info: chromedriver=2.35.528161 (5b82f2d2aae0ca24b877009200ced9065a772e73),platform=Windows NT 10.0.16299 x86_64) (WARNING: The server did not provide any stacktrace information)
Command duration or timeout: 0 milliseconds
Build info: version: '3.7.1', revision: '8a0099a', time: '2017-11-06T21:07:36.161Z'
System info: host: 'JW-LEN-M710S-03', ip: '192.168.253.171', os.name: 'Windows 10', os.arch: 'amd64', os.version: '10.0', java.version: '1.8.0_102'
Driver info: com.kms.katalon.selenium.driver.CChromeDriver
Capabilities {acceptInsecureCerts: false, acceptSslCerts: false, applicationCacheEnabled: false, browserConnectionEnabled: false, browserName: chrome, chrome: {chromedriverVersion: 2.35.528161 (5b82f2d2aae0ca..., userDataDir: C:\Users\lrink\AppData\Loca...}, cssSelectorsEnabled: true, databaseEnabled: false, handlesAlerts: true, hasTouchScreen: false, javascriptEnabled: true, locationContextEnabled: true, mobileEmulationEnabled: false, nativeEvents: true, networkConnectionEnabled: false, pageLoadStrategy: normal, platform: XP, platformName: XP, rotatable: false, setWindowRect: true, takesHeapSnapshot: true, takesScreenshot: true, unexpectedAlertBehaviour: , unhandledPromptBehavior: , version: 64.0.3282.186, webStorageEnabled: true}
Session ID: ff795bfd4b1b59f9192a9dc572dad766
*** Element info: {Using=xpath, value=//div[@id = 'popup' and (text() = 'Sie haben offene Aktivitäten.Sollen alle offenen Aktivitäten ohne zu speichern beendet werden?Ja
Nein
' or . = 'Sie haben offene Aktivitäten.Sollen alle offenen Aktivitäten ohne zu speichern beendet werden?Ja
Nein
')]})]]></system-err>
      </testcase>
      <system-out><![CDATA[2018-03-08 10:38:17 - [TEST_SUITE][ERROR] - KatRefuseExperteer: Test Cases/KatRefuse FAILED because (of) groovy.lang.MissingMethodException: No signature of method: static com.kms.katalon.core.webui.keyword.WebUiBuiltInKeywords.selectOptionByValue() is applicable for argument types: (java.lang.String, java.lang.String, java.lang.Boolean) values: [Page_TapasHome/select_Mandant, 0, true]
Possible solutions: selectOptionByValue(com.kms.katalon.core.testobject.TestObject, java.lang.String, boolean), selectOptionByValue(com.kms.katalon.core.testobject.TestObject, java.lang.String, boolean, com.kms.katalon.core.model.FailureHandling), deselectOptionByValue(com.kms.katalon.core.testobject.TestObject, java.lang.String, boolean), deselectOptionByValue(com.kms.katalon.core.testobject.TestObject, java.lang.String, boolean, com.kms.katalon.core.model.FailureHandling), selectOptionByLabel(com.kms.katalon.core.testobject.TestObject, java.lang.String, boolean)]]></system-out>
      <system-err><![CDATA[2018-03-08 10:38:17 - [TEST_SUITE][ERROR] - KatRefuseExperteer: Test Cases/KatRefuse FAILED because (of) groovy.lang.MissingMethodException: No signature of method: static com.kms.katalon.core.webui.keyword.WebUiBuiltInKeywords.selectOptionByValue() is applicable for argument types: (java.lang.String, java.lang.String, java.lang.Boolean) values: [Page_TapasHome/select_Mandant, 0, true]
Possible solutions: selectOptionByValue(com.kms.katalon.core.testobject.TestObject, java.lang.String, boolean), selectOptionByValue(com.kms.katalon.core.testobject.TestObject, java.lang.String, boolean, com.kms.katalon.core.model.FailureHandling), deselectOptionByValue(com.kms.katalon.core.testobject.TestObject, java.lang.String, boolean), deselectOptionByValue(com.kms.katalon.core.testobject.TestObject, java.lang.String, boolean, com.kms.katalon.core.model.FailureHandling), selectOptionByLabel(com.kms.katalon.core.testobject.TestObject, java.lang.String, boolean)]]></system-err>
   </testsuite>
</testsuites>
